<?xml version="1.0" encoding="utf-8"?><testsuites name="pytest tests"><testsuite name="pytest" errors="0" failures="0" skipped="0" tests="12" time="5.012" timestamp="2026-06-10T04:36:10.970662+00:00" hostname="agent-env-fd51f11c-3456-41af-b669-7788eb7aaffd"><testcase classname="backend.tests.test_backend_api" name="test_admin_login" time="0.519" /><testcase classname="backend.tests.test_backend_api" name="test_courier_login" time="0.276" /><testcase classname="backend.tests.test_backend_api" name="test_send_otp_returns_dev_otp" time="0.101" /><testcase classname="backend.tests.test_backend_api" name="test_send_otp_invalid_mobile" time="0.050" /><testcase classname="backend.tests.test_backend_api" name="test_register_business_valid_and_invalid_gst" time="0.444" /><testcase classname="backend.tests.test_backend_api" name="test_featured_logged_out_locked" time="0.054" /><testcase classname="backend.tests.test_backend_api" name="test_search_blurred_then_unblurred_for_business" time="0.530" /><testcase classname="backend.tests.test_backend_api" name="test_create_lead_and_business_leads" time="0.307" /><testcase classname="backend.tests.test_backend_api" name="test_courier_dashboard_and_leads_and_status_update" time="0.623" /><testcase classname="backend.tests.test_backend_api" name="test_courier_rate_cards_crud_and_coverage" time="0.852" /><testcase classname="backend.tests.test_backend_api" name="test_freight_calculate" time="0.461" /><testcase classname="backend.tests.test_backend_api" name="test_admin_endpoints" time="0.603" /></testsuite></testsuites>